<?xml version="1.0" encoding="utf-8"?><testsuites name="pytest tests"><testsuite name="pytest" errors="0" failures="0" skipped="0" tests="18" time="2.650" timestamp="2026-02-13T13:58:31.953248+00:00" hostname="agent-env-c62ec216-36ad-4369-bcbc-26e57bad79eb"><testcase classname="backend.tests.test_mock_tests.TestRootEndpoint" name="test_root_endpoint" time="0.214" /><testcase classname="backend.tests.test_mock_tests.TestQuizSections" name="test_get_sections" time="0.132" /><testcase classname="backend.tests.test_mock_tests.TestQuizSections" name="test_section_question_counts" time="0.102" /><testcase classname="backend.tests.test_mock_tests.TestAllQuestions" name="test_get_all_questions" time="0.164" /><testcase classname="backend.tests.test_mock_tests.TestAllQuestions" name="test_question_structure" time="0.112" /><testcase classname="backend.tests.test_mock_tests.TestSectionQuestions" name="test_physics_questions" time="0.135" /><testcase classname="backend.tests.test_mock_tests.TestSectionQuestions" name="test_chemistry_questions" time="0.103" /><testcase classname="backend.tests.test_mock_tests.TestSectionQuestions" name="test_english_questions" time="0.156" /><testcase classname="backend.tests.test_mock_tests.TestSectionQuestions" name="test_logical_questions" time="0.120" /><testcase classname="backend.tests.test_mock_tests.TestSectionQuestions" name="test_mathematics_questions" time="0.120" /><testcase classname="backend.tests.test_mock_tests.TestSectionQuestions" name="test_invalid_section" time="0.112" /><testcase classname="backend.tests.test_mock_tests.TestQuizSubmission" name="test_submit_empty_quiz" time="0.122" /><testcase classname="backend.tests.test_mock_tests.TestQuizSubmission" name="test_submit_with_correct_answers" time="0.250" /><testcase classname="backend.tests.test_mock_tests.TestQuizSubmission" name="test_submit_with_wrong_answers" time="0.140" /><testcase classname="backend.tests.test_mock_tests.TestCorrectAnswers" name="test_get_correct_answers" time="0.148" /><testcase classname="backend.tests.test_mock_tests.TestCorrectAnswers" name="test_answer_format" time="0.117" /><testcase classname="backend.tests.test_mock_tests.TestEmployeeSkillEndpoints" name="test_employee_skill_root" time="0.146" /><testcase classname="backend.tests.test_mock_tests.TestEmployeeSkillEndpoints" name="test_employee_skill_sections" time="0.125" /></testsuite></testsuites>