<?xml version="1.0" encoding="utf-8"?><testsuites name="pytest tests"><testsuite name="pytest" errors="0" failures="2" skipped="0" tests="12" time="2.556" timestamp="2026-02-13T14:31:18.296589+00:00" hostname="agent-env-c62ec216-36ad-4369-bcbc-26e57bad79eb"><testcase classname="tests.test_employee_skill.TestEmployeeSkillAPIs" name="test_health_check" time="0.309"><failure message="assert 404 == 200&#10; +  where 404 = &lt;Response [404]&gt;.status_code">tests/test_employee_skill.py:17: in test_health_check
    assert response.status_code == 200
E   assert 404 == 200
E    +  where 404 = &lt;Response [404]&gt;.status_code</failure></testcase><testcase classname="tests.test_employee_skill.TestEmployeeSkillAPIs" name="test_register_employee" time="0.214" /><testcase classname="tests.test_employee_skill.TestEmployeeSkillAPIs" name="test_register_duplicate_mobile" time="0.364" /><testcase classname="tests.test_employee_skill.TestEmployeeSkillAPIs" name="test_login_employee" time="0.283" /><testcase classname="tests.test_employee_skill.TestEmployeeSkillAPIs" name="test_login_invalid_mobile" time="0.128" /><testcase classname="tests.test_employee_skill.TestEmployeeSkillAPIs" name="test_admin_login_valid" time="0.131" /><testcase classname="tests.test_employee_skill.TestEmployeeSkillAPIs" name="test_admin_login_invalid" time="0.158" /><testcase classname="tests.test_employee_skill.TestEmployeeSkillAPIs" name="test_get_questions" time="0.146"><failure message="assert 'question' in {'correct_answer': 2, 'english': {'options': ['Leave from there.', 'You also respond loudly.', 'Listen calmly to their words and understand what the problem is.', 'Immediately call the police.'], 'question': &quot;A student's father comes to the office and speaks very angrily. What will you do first?&quot;}, 'id': 1, 'section': 'parent_interaction', ...}">tests/test_employee_skill.py:119: in test_get_questions
    assert "question" in question
E   assert 'question' in {'correct_answer': 2, 'english': {'options': ['Leave from there.', 'You also respond loudly.', 'Listen calmly to their words and understand what the problem is.', 'Immediately call the police.'], 'question': "A student's father comes to the office and speaks very angrily. What will you do first?"}, 'id': 1, 'section': 'parent_interaction', ...}</failure></testcase><testcase classname="tests.test_employee_skill.TestEmployeeSkillAPIs" name="test_submit_quiz" time="0.243" /><testcase classname="tests.test_employee_skill.TestEmployeeSkillAPIs" name="test_admin_stats" time="0.127" /><testcase classname="tests.test_employee_skill.TestEmployeeSkillAPIs" name="test_admin_results" time="0.195" /><testcase classname="tests.test_employee_skill.TestEmployeeSkillAPIs" name="test_admin_employees" time="0.159" /></testsuite></testsuites>